<?xml version="1.0" encoding="UTF-8"?>
<!-- Generated by org.testng.reporters.JUnitXMLReporter -->
<testsuite ignored="0" hostname="rakeshs-Air" failures="0" tests="6" name="Test" time="0.175" errors="0" timestamp="2020-04-20T20:47:58 BST">
  <testcase classname="TestNG.Class1" name="AddVendor" time="0.011"/>
  <testcase classname="TestNG.Class1" name="AddProduct" time="0.004"/>
  <testcase classname="TestNG.Class1" name="AddCurrency" time="0.008"/>
  <testcase classname="TestNG.Class2" name="DeleteVendor" time="0.004"/>
  <testcase classname="TestNG.Class2" name="DeleteProduct" time="0.006"/>
  <testcase classname="TestNG.Class2" name="DeleteCurrency" time="0.019"/>
</testsuite> <!-- Test -->
