<?xml version="1.0" encoding="UTF-8"?>
<testng-results ignored="0" total="2" passed="2" failed="0" skipped="0">
  <reporter-output>
  </reporter-output>
  <suite started-at="2020-05-10T16:21:03 BST" name="Default suite" finished-at="2020-05-10T16:21:16 BST" duration-ms="12581">
    <groups>
    </groups>
    <test started-at="2020-05-10T16:21:03 BST" name="Default test" finished-at="2020-05-10T16:21:16 BST" duration-ms="12581">
      <class name="TestNG.DataDrivenExcel">
        <test-method signature="login(java.lang.String, java.lang.String)[pri:0, instance:TestNG.DataDrivenExcel@2525ff7e]" started-at="2020-05-10T16:21:05 BST" name="login" data-provider="readEx" finished-at="2020-05-10T16:21:11 BST" duration-ms="6113" status="PASS">
          <params>
            <param index="0">
              <value>
                <![CDATA[rak]]>
              </value>
            </param>
            <param index="1">
              <value>
                <![CDATA[admin123]]>
              </value>
            </param>
          </params>
          <reporter-output>
          </reporter-output>
        </test-method> <!-- login -->
        <test-method is-config="true" signature="closeBrowser()[pri:0, instance:TestNG.DataDrivenExcel@2525ff7e]" started-at="2020-05-10T16:21:11 BST" name="closeBrowser" finished-at="2020-05-10T16:21:11 BST" duration-ms="226" status="PASS">
          <reporter-output>
          </reporter-output>
        </test-method> <!-- closeBrowser -->
        <test-method signature="login(java.lang.String, java.lang.String)[pri:0, instance:TestNG.DataDrivenExcel@2525ff7e]" started-at="2020-05-10T16:21:11 BST" name="login" data-provider="readEx" finished-at="2020-05-10T16:21:15 BST" duration-ms="4496" status="PASS">
          <params>
            <param index="0">
              <value>
                <![CDATA[admin1]]>
              </value>
            </param>
            <param index="1">
              <value>
                <![CDATA[admin23]]>
              </value>
            </param>
          </params>
          <reporter-output>
          </reporter-output>
        </test-method> <!-- login -->
        <test-method is-config="true" signature="closeBrowser()[pri:0, instance:TestNG.DataDrivenExcel@2525ff7e]" started-at="2020-05-10T16:21:15 BST" name="closeBrowser" finished-at="2020-05-10T16:21:16 BST" duration-ms="224" status="PASS">
          <reporter-output>
          </reporter-output>
        </test-method> <!-- closeBrowser -->
      </class> <!-- TestNG.DataDrivenExcel -->
    </test> <!-- Default test -->
  </suite> <!-- Default suite -->
</testng-results>
